<?xml version="1.0" encoding="UTF-8"?>
<!-- Generated by org.testng.reporters.JUnitReportReporter -->
<testsuite hostname="ATMECSBLRLT-081" failures="0" tests="1" name="com.restAssured.GetRequestTest" time="12.709" errors="0" timestamp="2022-03-21T10:28:31 IST" skipped="0">
  <testcase classname="com.restAssured.GetRequestTest" name="getRequest" time="12.709"/>
  <system-out/>
</testsuite> <!-- com.restAssured.GetRequestTest -->
